[+] Containers:
 |- [+] Container: /Game/ThirdPerson/Maps/ThirdPersonMap
 |   |- [+] ActorDescs:
 |   |   |- Guid:02B2CA614B50F90A6523EF88AC8C6EF0 BaseClass: NativeClass:/Script/Engine.StaticMeshActor Name:StaticMeshActor_UAID_D493900A0425078101_1675935616 Label:Cube2 SpatiallyLoaded:1 Bounds:IsValid=true, Min=(X=8.750 Y=1079.286 Z=-3.491), Max=(X=112.977 Y=1695.953 Z=96.509) RuntimeGrid:None EditorOnly:0 RuntimeOnly:0 HLODRelevant:1
 |   |   |- Guid:0532F0EA4EEFACF7110E7787B3CD0AD6 BaseClass:/Game/Bluprint/BP_DUmmy.BP_DUmmy_C NativeClass:/Script/Engine.Character Name:BP_DUmmy_C_UAID_D493900A0425437A01_1989907783 Label:BP_DUmmy SpatiallyLoaded:1 Bounds:IsValid=true, Min=(X=-1568.014 Y=2191.485 Z=-0.966), Max=(X=-1440.272 Y=2322.748 Z=250.500) RuntimeGrid:None EditorOnly:0 RuntimeOnly:0 HLODRelevant:0
 |   |   |- Guid:16703B9D43AD52D86A3660ADBA24E7B8 BaseClass: NativeClass:/Script/Engine.StaticMeshActor Name:StaticMeshActor_UAID_D493900A0425D47901_1787921251 Label:bag SpatiallyLoaded:1 Bounds:IsValid=true, Min=(X=-145.090 Y=668.712 Z=2.244), Max=(X=-82.221 Y=696.952 Z=53.447) RuntimeGrid:None EditorOnly:0 RuntimeOnly:0 HLODRelevant:1
 |   |   |- Guid:173FB5BF44536C79CB3411A0A005D55F BaseClass:/Game/EquidSystem/BP_Weapons.BP_Weapons_C NativeClass:/Script/Engine.Actor Name:BP_Weapons_C_UAID_D493900A0425457A01_1119008136 Label:BP_Weapons4 SpatiallyLoaded:1 Bounds:IsValid=true, Min=(X=-983.700 Y=1002.308 Z=-112.774), Max=(X=-631.016 Y=1354.992 Z=239.910) RuntimeGrid:None EditorOnly:0 RuntimeOnly:0 HLODRelevant:0
 |   |   |- Guid:191FEA0F4AAEA139D03C1EB6E8F74BF9 BaseClass:/Game/Bluprint/BP_DUmmy.BP_DUmmy_C NativeClass:/Script/Engine.Character Name:BP_DUmmy_C_UAID_D493900A0425078101_1379249622 Label:BP_DUmmy7 SpatiallyLoaded:1 Bounds:IsValid=true, Min=(X=-1162.959 Y=1475.195 Z=-0.966), Max=(X=-1035.217 Y=1606.458 Z=250.500) RuntimeGrid:None EditorOnly:0 RuntimeOnly:0 HLODRelevant:0
 |   |   |- Guid:1A6A8F34432E756B552A85A106BB22B0 BaseClass: NativeClass:/Script/Engine.StaticMeshActor Name:StaticMeshActor_UAID_D493900A0425078101_1638618615 Label:Cube SpatiallyLoaded:1 Bounds:IsValid=true, Min=(X=8.750 Y=1909.880 Z=-3.491), Max=(X=112.977 Y=2526.546 Z=96.509) RuntimeGrid:None EditorOnly:0 RuntimeOnly:0 HLODRelevant:1
 |   |   |- Guid:1B490F00464EDFE2D68FECB6B7D6FE4D BaseClass:/Game/EquidSystem/BP_key.BP_key_C NativeClass:/Script/Engine.Actor Name:BP_key_C_UAID_D493900A0425A87B01_1233507615 Label:BP_key4 SpatiallyLoaded:1 Bounds:IsValid=true, Min=(X=-817.782 Y=320.184 Z=-102.645), Max=(X=-612.491 Y=525.474 Z=102.645) RuntimeGrid:None EditorOnly:0 RuntimeOnly:0 HLODRelevant:0
 |   |   |- Guid:1E9779604968FB287A7ABCB08C97A75B BaseClass:/Game/ThirdPerson/Blueprints/BP_ThirdPersonCharacter.BP_ThirdPersonCharacter_C NativeClass:/Script/Engine.Character Name:BP_ThirdPersonCharacter_C_UAID_D493900A0425A97A01_1233095737 Label:BP_ThirdPersonCharacter SpatiallyLoaded:1 Bounds:IsValid=true, Min=(X=-600.688 Y=1802.228 Z=-24.603), Max=(X=-90.248 Y=2019.633 Z=184.129) RuntimeGrid:None EditorOnly:0 RuntimeOnly:0 HLODRelevant:0
 |   |   |- Guid:2074EDAC43D9E155139F57B7DCFBAF67 BaseClass:/Game/EquidSystem/BP_Weapons.BP_Weapons_C NativeClass:/Script/Engine.Actor Name:BP_Weapons_C_UAID_D493900A0425457A01_1993187142 Label:BP_Weapons8 SpatiallyLoaded:1 Bounds:IsValid=true, Min=(X=-981.168 Y=573.817 Z=-112.774), Max=(X=-628.484 Y=926.502 Z=239.910) RuntimeGrid:None EditorOnly:0 RuntimeOnly:0 HLODRelevant:0
 |   |   |- Guid:234E657442D7BDCF6C5608A8A83A803F BaseClass:/Game/a/trap/BP_Trap.BP_Trap_C NativeClass:/Script/Engine.Actor Name:BP_Trap_C_UAID_D493900A0425118101_1804706376 Label:BP_Trap SpatiallyLoaded:1 Bounds:IsValid=true, Min=(X=-2212.158 Y=994.613 Z=-76.381), Max=(X=-1918.743 Y=1217.583 Z=122.154) RuntimeGrid:None EditorOnly:0 RuntimeOnly:0 HLODRelevant:0
 |   |   |- Guid:2D396D89465DDFBCC4565C858CAAD567 BaseClass: NativeClass:/Script/CinematicCamera.CineCameraActor Name:CineCameraActor_UAID_D493900A0425A97A01_1724171739 Label:CineCameraActor SpatiallyLoaded:1 Bounds:IsValid=true, Min=(X=-179.264 Y=1052.973 Z=870.600), Max=(X=-179.264 Y=1052.973 Z=870.600) RuntimeGrid:None EditorOnly:0 RuntimeOnly:0 HLODRelevant:0
 |   |   |- Guid:2FB58999456391D349DC0F86DAC136ED BaseClass: NativeClass:/Script/Engine.SkyLight Name:SkyLight_1 Label:SkyLight SpatiallyLoaded:0 Bounds:IsValid=true, Min=(X=0.000 Y=0.000 Z=690.000), Max=(X=0.000 Y=0.000 Z=690.000) RuntimeGrid:None EditorOnly:0 RuntimeOnly:0 HLODRelevant:0 FolderPath:Lighting FolderGuid:963EC3EB4002CCE9759E2EBA541A873A
 |   |   |- Guid:316CF2A6494ACA4C0E4180A87D36AB8F BaseClass: NativeClass:/Script/Engine.ExponentialHeightFog Name:ExponentialHeightFog_0 Label:ExponentialHeightFog SpatiallyLoaded:0 Bounds:IsValid=true, Min=(X=-5600.000 Y=-50.000 Z=-6850.000), Max=(X=-5600.000 Y=-50.000 Z=-6850.000) RuntimeGrid:None EditorOnly:0 RuntimeOnly:0 HLODRelevant:0 FolderPath:Lighting FolderGuid:963EC3EB4002CCE9759E2EBA541A873A
 |   |   |- Guid:3399537B412E070670684EA6F13EE46D BaseClass: NativeClass:/Script/NavigationSystem.RecastNavMesh Name:RecastNavMesh_UAID_D493900A0425167901-Default Label:RecastNavMesh-Default SpatiallyLoaded:0 Bounds:IsValid=true, Min=(X=0.000 Y=0.000 Z=0.000), Max=(X=0.000 Y=0.000 Z=0.000) RuntimeGrid:None EditorOnly:0 RuntimeOnly:0 HLODRelevant:0
 |   |   |- Guid:36FC4CFA466EDF541AAF59B43C5F8B88 BaseClass: NativeClass:/Script/Engine.StaticMeshActor Name:StaticMeshActor_UAID_D493900A0425417601_1074382207 Label:SM_Cube5 SpatiallyLoaded:1 Bounds:IsValid=true, Min=(X=-3000.000 Y=0.000 Z=-50.000), Max=(X=0.000 Y=3500.000 Z=0.000) RuntimeGrid:None EditorOnly:0 RuntimeOnly:0 HLODRelevant:1 FolderPath:Playground FolderGuid:C73F09FC4215536B1DCE2A9E0A830C70
 |   |   |- Guid:3A00AA1C422CE54C0BDB60BAF471BFBB BaseClass: NativeClass:/Script/Engine.PlayerStart Name:PlayerStart_0 Label:PlayerStart SpatiallyLoaded:0 Bounds:IsValid=true, Min=(X=-579.375 Y=1069.056 Z=0.013), Max=(X=-497.487 Y=1150.944 Z=184.013) RuntimeGrid:None EditorOnly:0 RuntimeOnly:0 HLODRelevant:0
 |   |   |- Guid:3A9D7E6D44F6F7AEE571C29A4A3639EF BaseClass: NativeClass:/Script/NavigationSystem.NavMeshBoundsVolume Name:NavMeshBoundsVolume_UAID_D493900A0425167901_1667480810 Label:NavMeshBoundsVolume SpatiallyLoaded:0 Bounds:IsValid=true, Min=(X=-3377.601 Y=-2150.338 Z=-3316.105), Max=(X=3830.176 Y=5057.440 Z=3891.673) RuntimeGrid:None EditorOnly:0 RuntimeOnly:0 HLODRelevant:0
 |   |   |- Guid:419DB5354E5E186BB3F8009B2C0C2A69 BaseClass:/Game/EquidSystem/BP_key.BP_key_C NativeClass:/Script/Engine.Actor Name:BP_key_C_UAID_D493900A0425887B01_1164344983 Label:BP_key SpatiallyLoaded:1 Bounds:IsValid=true, Min=(X=-833.290 Y=381.552 Z=-102.645), Max=(X=-627.999 Y=586.842 Z=102.645) RuntimeGrid:None EditorOnly:0 RuntimeOnly:0 HLODRelevant:0
 |   |   |- Guid:4C7D600D4DDAF6085BAEE1AFD6DD683C BaseClass:/Game/EquidSystem/BP_Weapons.BP_Weapons_C NativeClass:/Script/Engine.Actor Name:BP_Weapons_C_UAID_D493900A0425447A01_1187673960 Label:BP_Weapons SpatiallyLoaded:1 Bounds:IsValid=true, Min=(X=-983.700 Y=772.651 Z=-112.774), Max=(X=-631.016 Y=1125.336 Z=239.910) RuntimeGrid:None EditorOnly:0 RuntimeOnly:0 HLODRelevant:0
 |   |   |- Guid:4D3BE93F4146AAAC8BBE79999D96D57F BaseClass: NativeClass:/Script/Engine.VolumetricCloud Name:VolumetricCloud_0 Label:VolumetricCloud SpatiallyLoaded:0 Bounds:IsValid=true, Min=(X=0.000 Y=0.000 Z=820.000), Max=(X=0.000 Y=0.000 Z=820.000) RuntimeGrid:None EditorOnly:0 RuntimeOnly:0 HLODRelevant:0 FolderPath:Lighting FolderGuid:963EC3EB4002CCE9759E2EBA541A873A
 |   |   |- Guid:59C8462941C7CD50AA9573804802440C BaseClass:/Game/EquidSystem/BP_Weapons.BP_Weapons_C NativeClass:/Script/Engine.Actor Name:BP_Weapons_C_UAID_D493900A0425447A01_1440895961 Label:BP_Weapons2 SpatiallyLoaded:1 Bounds:IsValid=true, Min=(X=-983.700 Y=890.244 Z=-117.672), Max=(X=-631.016 Y=1252.724 Z=244.808) RuntimeGrid:None EditorOnly:0 RuntimeOnly:0 HLODRelevant:0
 |   |   |- Guid:5CD5E20F413A0D923DA2629191CBB428 BaseClass:/Game/Bluprint/BP_DUmmy.BP_DUmmy_C NativeClass:/Script/Engine.Character Name:BP_DUmmy_C_UAID_D493900A0425B07B01_1803062023 Label:BP_DUmmy2 SpatiallyLoaded:1 Bounds:IsValid=true, Min=(X=2072.665 Y=1266.323 Z=-0.966), Max=(X=2200.407 Y=1397.586 Z=250.500) RuntimeGrid:None EditorOnly:0 RuntimeOnly:0 HLODRelevant:0
 |   |   |- Guid:5E2D791B49ED838736167997138233E0 BaseClass:/Game/a/Door/BP_toilet.BP_toilet_C NativeClass:/Script/Engine.Actor Name:BP_toilet_C_UAID_D493900A0425BA7A01_1345134727 Label:BP_toilet SpatiallyLoaded:1 Bounds:IsValid=true, Min=(X=-642.673 Y=938.333 Z=-10.397), Max=(X=-93.981 Y=1491.937 Z=257.576) RuntimeGrid:None EditorOnly:0 RuntimeOnly:0 HLODRelevant:0
 |   |   |- Guid:5FE6712E42364A1EE3225D91D2F58F49 BaseClass:/Game/EquidSystem/BP_key.BP_key_C NativeClass:/Script/Engine.Actor Name:BP_key_C_UAID_D493900A0425887B01_1446798988 Label:BP_key2 SpatiallyLoaded:1 Bounds:IsValid=true, Min=(X=384.431 Y=754.780 Z=-133.350), Max=(X=673.509 Y=1064.405 Z=155.729) RuntimeGrid:None EditorOnly:0 RuntimeOnly:0 HLODRelevant:0
 |   |   |- Guid:6BAF4DDD444C60371492D3919DB42C97 BaseClass: NativeClass:/Script/Engine.WorldDataLayers Name:WorldDataLayers Label:WorldDataLayers SpatiallyLoaded:0 Bounds:IsValid=true, Min=(X=0.000 Y=0.000 Z=0.000), Max=(X=0.000 Y=0.000 Z=0.000) RuntimeGrid:None EditorOnly:0 RuntimeOnly:0 HLODRelevant:0
 |   |   |- Guid:6EF6E59D4183AC698615FF92E80E930C BaseClass:/Game/Bluprint/BP_DUmmy.BP_DUmmy_C NativeClass:/Script/Engine.Character Name:BP_DUmmy_C_UAID_D493900A0425068101_1596036441 Label:BP_DUmmy4 SpatiallyLoaded:1 Bounds:IsValid=true, Min=(X=-757.563 Y=2191.579 Z=-7.741), Max=(X=-629.822 Y=2322.842 Z=242.759) RuntimeGrid:None EditorOnly:0 RuntimeOnly:0 HLODRelevant:0
 |   |   |- Guid:82B955D84E9BFEBECA32279794B560F0 BaseClass: NativeClass:/Script/Engine.StaticMeshActor Name:StaticMeshActor_UAID_D493900A0425447A01_1756214962 Label:Mustache_L_Wavy_Helmet_LOD7 SpatiallyLoaded:1 Bounds:IsValid=true, Min=(X=-1083.745 Y=744.746 Z=239.409), Max=(X=-1075.743 Y=747.606 Z=242.868) RuntimeGrid:None EditorOnly:0 RuntimeOnly:0 HLODRelevant:1
 |   |   |- Guid:85CC7A5B4E983F776B28C19D2F91C5C4 BaseClass:/Game/Bluprint/BP_DUmmy.BP_DUmmy_C NativeClass:/Script/Engine.Character Name:BP_DUmmy_C_UAID_D493900A0425078101_1379227619 Label:BP_DUmmy5 SpatiallyLoaded:1 Bounds:IsValid=true, Min=(X=-1568.014 Y=1473.258 Z=-0.966), Max=(X=-1440.272 Y=1604.521 Z=250.500) RuntimeGrid:None EditorOnly:0 RuntimeOnly:0 HLODRelevant:0
 |   |   |- Guid:8B7E71044FCD5F8D6F148685029810B1 BaseClass: NativeClass:/Script/Engine.StaticMeshActor Name:StaticMeshActor_UAID_D493900A0425887B01_1334272985 Label:S_Worn_Wooden_Crate_vi5hdewga_lod0_Var1 SpatiallyLoaded:1 Bounds:IsValid=true, Min=(X=503.280 Y=870.270 Z=-0.316), Max=(X=569.509 Y=931.169 Z=26.219) RuntimeGrid:None EditorOnly:0 RuntimeOnly:0 HLODRelevant:1
 |   |   |- Guid:9CFB6134415F369C2C9779A6E58D50B2 BaseClass:/Game/a/BP_goTo.BP_goTo_C NativeClass:/Script/Engine.Actor Name:BP_goTo_C_UAID_D493900A0425018101_1845583559 Label:BP_goTo SpatiallyLoaded:1 Bounds:IsValid=true, Min=(X=-1901.968 Y=1702.428 Z=-0.935), Max=(X=-1718.107 Y=2023.094 Z=265.955) RuntimeGrid:None EditorOnly:0 RuntimeOnly:0 HLODRelevant:0
 |   |   |- Guid:9E06915D45C86794592367A423C55C09 BaseClass:/Game/Bluprint/BP_DUmmy.BP_DUmmy_C NativeClass:/Script/Engine.Character Name:BP_DUmmy_C_UAID_D493900A0425078101_1379238620 Label:BP_DUmmy6 SpatiallyLoaded:1 Bounds:IsValid=true, Min=(X=-757.563 Y=1473.351 Z=-7.741), Max=(X=-629.822 Y=1604.615 Z=242.759) RuntimeGrid:None EditorOnly:0 RuntimeOnly:0 HLODRelevant:0
 |   |   |- Guid:B785ED2844B84CFB91E7F39FE661CD99 BaseClass: NativeClass:/Script/Engine.DirectionalLight Name:DirectionalLight_0 Label:DirectionalLight SpatiallyLoaded:0 Bounds:IsValid=true, Min=(X=-4398046511104.000 Y=-4398046511104.000 Z=-4398046511104.000), Max=(X=4398046511104.000 Y=4398046511104.000 Z=4398046511104.000) RuntimeGrid:None EditorOnly:0 RuntimeOnly:0 HLODRelevant:0 FolderPath:Lighting FolderGuid:963EC3EB4002CCE9759E2EBA541A873A
 |   |   |- Guid:CCFF262C46EEFFDF319E7F9539CE697E BaseClass: NativeClass:/Script/Engine.SkyAtmosphere Name:SkyAtmosphere_0 Label:SkyAtmosphere SpatiallyLoaded:0 Bounds:IsValid=true, Min=(X=0.000 Y=0.000 Z=1020.000), Max=(X=0.000 Y=0.000 Z=1020.000) RuntimeGrid:None EditorOnly:0 RuntimeOnly:0 HLODRelevant:0 FolderPath:Lighting FolderGuid:963EC3EB4002CCE9759E2EBA541A873A
 |   |   |- Guid:D4AF6952408158FA41A737B29EB5B04D BaseClass:/Game/Bluprint/BP_DUmmy.BP_DUmmy_C NativeClass:/Script/Engine.Character Name:BP_DUmmy_C_UAID_D493900A0425068101_1594102440 Label:BP_DUmmy3 SpatiallyLoaded:1 Bounds:IsValid=true, Min=(X=-1162.959 Y=2193.423 Z=-0.966), Max=(X=-1035.217 Y=2324.686 Z=250.500) RuntimeGrid:None EditorOnly:0 RuntimeOnly:0 HLODRelevant:0
 |   |   |- Guid:E037525D418E556068EDCF851F7BFEA0 BaseClass: NativeClass:/Script/Engine.StaticMeshActor Name:StaticMeshActor_UAID_D493900A04259C7B01_1507716504 Label:SM_Cube6 SpatiallyLoaded:1 Bounds:IsValid=true, Min=(X=-3000.000 Y=2182.631 Z=-983.923), Max=(X=-0.000 Y=5682.631 Z=-933.923) RuntimeGrid:None EditorOnly:0 RuntimeOnly:0 HLODRelevant:1 FolderPath:Playground FolderGuid:C73F09FC4215536B1DCE2A9E0A830C70
 |   |   |- Guid:EC4E0C944CE6AC6E784BC6BB2916EA13 BaseClass: NativeClass:/Script/Engine.StaticMeshActor Name:StaticMeshActor_UAID_A4AE111137DC5EFB00_1110535423 Label:SM_SkySphere SpatiallyLoaded:0 Bounds:IsValid=true, Min=(X=-1638400.000 Y=-1638400.000 Z=-1638400.000), Max=(X=1638400.000 Y=1638400.000 Z=1638400.000) RuntimeGrid:None EditorOnly:0 RuntimeOnly:0 HLODRelevant:1 FolderPath:Lighting FolderGuid:963EC3EB4002CCE9759E2EBA541A873A
 |   |   |- Guid:F11EA8C049AFDAC1121A17B95FADE4CA BaseClass:/Game/EquidSystem/BP_key.BP_key_C NativeClass:/Script/Engine.Actor Name:BP_key_C_UAID_D493900A0425A87B01_1234790616 Label:BP_key5 SpatiallyLoaded:1 Bounds:IsValid=true, Min=(X=-801.243 Y=246.462 Z=-102.645), Max=(X=-595.953 Y=451.753 Z=102.645) RuntimeGrid:None EditorOnly:0 RuntimeOnly:0 HLODRelevant:0
 |   |   |- Guid:F1924B8D48954B30891B2DB6A694F9CC BaseClass: NativeClass:/Script/Engine.StaticMeshActor Name:StaticMeshActor_1 Label:SM_Cube SpatiallyLoaded:1 Bounds:IsValid=true, Min=(X=0.574 Y=0.000 Z=-50.000), Max=(X=3000.574 Y=3500.000 Z=0.000) RuntimeGrid:None EditorOnly:0 RuntimeOnly:0 HLODRelevant:1 FolderPath:Playground FolderGuid:C73F09FC4215536B1DCE2A9E0A830C70
 |   |   |- Guid:F5E3FEB3450C49844FD93DA8E083C8AD BaseClass: NativeClass:/Script/Engine.PostProcessVolume Name:PostProcessVolume_0 Label:PostProcessVolume SpatiallyLoaded:0 Bounds:IsValid=true, Min=(X=0.000 Y=0.000 Z=400.000), Max=(X=200.000 Y=200.000 Z=600.000) RuntimeGrid:None EditorOnly:0 RuntimeOnly:0 HLODRelevant:0 FolderPath:Lighting FolderGuid:963EC3EB4002CCE9759E2EBA541A873A
 |   |   |- Guid:F70987C44386554D3B410A9BD5B87979 BaseClass: NativeClass:/Script/Engine.PointLight Name:PointLight_UAID_D493900A0425F47A01_2124030935 Label:PointLight SpatiallyLoaded:1 Bounds:IsValid=true, Min=(X=-2696.224 Y=-140.285 Z=-808.015), Max=(X=-696.224 Y=1859.715 Z=1191.985) RuntimeGrid:None EditorOnly:0 RuntimeOnly:0 HLODRelevant:0
 |   |- [+] Clusters:
 |   |   |- [+] [  0]
 |   |   |   |- Guid:6BAF4DDD444C60371492D3919DB42C97 BaseClass: NativeClass:/Script/Engine.WorldDataLayers Name:WorldDataLayers Label:WorldDataLayers SpatiallyLoaded:0 Bounds:IsValid=true, Min=(X=0.000 Y=0.000 Z=0.000), Max=(X=0.000 Y=0.000 Z=0.000) RuntimeGrid:None EditorOnly:0 RuntimeOnly:0 HLODRelevant:0
 |   |   |- [+] [  1]
 |   |   |   |- Guid:0532F0EA4EEFACF7110E7787B3CD0AD6 BaseClass:/Game/Bluprint/BP_DUmmy.BP_DUmmy_C NativeClass:/Script/Engine.Character Name:BP_DUmmy_C_UAID_D493900A0425437A01_1989907783 Label:BP_DUmmy SpatiallyLoaded:1 Bounds:IsValid=true, Min=(X=-1568.014 Y=2191.485 Z=-0.966), Max=(X=-1440.272 Y=2322.748 Z=250.500) RuntimeGrid:None EditorOnly:0 RuntimeOnly:0 HLODRelevant:0
 |   |   |- [+] [  2]
 |   |   |   |- Guid:6EF6E59D4183AC698615FF92E80E930C BaseClass:/Game/Bluprint/BP_DUmmy.BP_DUmmy_C NativeClass:/Script/Engine.Character Name:BP_DUmmy_C_UAID_D493900A0425068101_1596036441 Label:BP_DUmmy4 SpatiallyLoaded:1 Bounds:IsValid=true, Min=(X=-757.563 Y=2191.579 Z=-7.741), Max=(X=-629.822 Y=2322.842 Z=242.759) RuntimeGrid:None EditorOnly:0 RuntimeOnly:0 HLODRelevant:0
 |   |   |- [+] [  3]
 |   |   |   |- Guid:F5E3FEB3450C49844FD93DA8E083C8AD BaseClass: NativeClass:/Script/Engine.PostProcessVolume Name:PostProcessVolume_0 Label:PostProcessVolume SpatiallyLoaded:0 Bounds:IsValid=true, Min=(X=0.000 Y=0.000 Z=400.000), Max=(X=200.000 Y=200.000 Z=600.000) RuntimeGrid:None EditorOnly:0 RuntimeOnly:0 HLODRelevant:0 FolderPath:Lighting FolderGuid:963EC3EB4002CCE9759E2EBA541A873A
 |   |   |- [+] [  4]
 |   |   |   |- Guid:1A6A8F34432E756B552A85A106BB22B0 BaseClass: NativeClass:/Script/Engine.StaticMeshActor Name:StaticMeshActor_UAID_D493900A0425078101_1638618615 Label:Cube SpatiallyLoaded:1 Bounds:IsValid=true, Min=(X=8.750 Y=1909.880 Z=-3.491), Max=(X=112.977 Y=2526.546 Z=96.509) RuntimeGrid:None EditorOnly:0 RuntimeOnly:0 HLODRelevant:1
 |   |   |- [+] [  5]
 |   |   |   |- Guid:2D396D89465DDFBCC4565C858CAAD567 BaseClass: NativeClass:/Script/CinematicCamera.CineCameraActor Name:CineCameraActor_UAID_D493900A0425A97A01_1724171739 Label:CineCameraActor SpatiallyLoaded:1 Bounds:IsValid=true, Min=(X=-179.264 Y=1052.973 Z=870.600), Max=(X=-179.264 Y=1052.973 Z=870.600) RuntimeGrid:None EditorOnly:0 RuntimeOnly:0 HLODRelevant:0
 |   |   |- [+] [  6]
 |   |   |   |- Guid:9CFB6134415F369C2C9779A6E58D50B2 BaseClass:/Game/a/BP_goTo.BP_goTo_C NativeClass:/Script/Engine.Actor Name:BP_goTo_C_UAID_D493900A0425018101_1845583559 Label:BP_goTo SpatiallyLoaded:1 Bounds:IsValid=true, Min=(X=-1901.968 Y=1702.428 Z=-0.935), Max=(X=-1718.107 Y=2023.094 Z=265.955) RuntimeGrid:None EditorOnly:0 RuntimeOnly:0 HLODRelevant:0
 |   |   |- [+] [  7]
 |   |   |   |- Guid:2074EDAC43D9E155139F57B7DCFBAF67 BaseClass:/Game/EquidSystem/BP_Weapons.BP_Weapons_C NativeClass:/Script/Engine.Actor Name:BP_Weapons_C_UAID_D493900A0425457A01_1993187142 Label:BP_Weapons8 SpatiallyLoaded:1 Bounds:IsValid=true, Min=(X=-981.168 Y=573.817 Z=-112.774), Max=(X=-628.484 Y=926.502 Z=239.910) RuntimeGrid:None EditorOnly:0 RuntimeOnly:0 HLODRelevant:0
 |   |   |- [+] [  8]
 |   |   |   |- Guid:9E06915D45C86794592367A423C55C09 BaseClass:/Game/Bluprint/BP_DUmmy.BP_DUmmy_C NativeClass:/Script/Engine.Character Name:BP_DUmmy_C_UAID_D493900A0425078101_1379238620 Label:BP_DUmmy6 SpatiallyLoaded:1 Bounds:IsValid=true, Min=(X=-757.563 Y=1473.351 Z=-7.741), Max=(X=-629.822 Y=1604.615 Z=242.759) RuntimeGrid:None EditorOnly:0 RuntimeOnly:0 HLODRelevant:0
 |   |   |- [+] [  9]
 |   |   |   |- Guid:4D3BE93F4146AAAC8BBE79999D96D57F BaseClass: NativeClass:/Script/Engine.VolumetricCloud Name:VolumetricCloud_0 Label:VolumetricCloud SpatiallyLoaded:0 Bounds:IsValid=true, Min=(X=0.000 Y=0.000 Z=820.000), Max=(X=0.000 Y=0.000 Z=820.000) RuntimeGrid:None EditorOnly:0 RuntimeOnly:0 HLODRelevant:0 FolderPath:Lighting FolderGuid:963EC3EB4002CCE9759E2EBA541A873A
 |   |   |- [+] [ 10]
 |   |   |   |- Guid:36FC4CFA466EDF541AAF59B43C5F8B88 BaseClass: NativeClass:/Script/Engine.StaticMeshActor Name:StaticMeshActor_UAID_D493900A0425417601_1074382207 Label:SM_Cube5 SpatiallyLoaded:1 Bounds:IsValid=true, Min=(X=-3000.000 Y=0.000 Z=-50.000), Max=(X=0.000 Y=3500.000 Z=0.000) RuntimeGrid:None EditorOnly:0 RuntimeOnly:0 HLODRelevant:1 FolderPath:Playground FolderGuid:C73F09FC4215536B1DCE2A9E0A830C70
 |   |   |- [+] [ 11]
 |   |   |   |- Guid:CCFF262C46EEFFDF319E7F9539CE697E BaseClass: NativeClass:/Script/Engine.SkyAtmosphere Name:SkyAtmosphere_0 Label:SkyAtmosphere SpatiallyLoaded:0 Bounds:IsValid=true, Min=(X=0.000 Y=0.000 Z=1020.000), Max=(X=0.000 Y=0.000 Z=1020.000) RuntimeGrid:None EditorOnly:0 RuntimeOnly:0 HLODRelevant:0 FolderPath:Lighting FolderGuid:963EC3EB4002CCE9759E2EBA541A873A
 |   |   |- [+] [ 12]
 |   |   |   |- Guid:EC4E0C944CE6AC6E784BC6BB2916EA13 BaseClass: NativeClass:/Script/Engine.StaticMeshActor Name:StaticMeshActor_UAID_A4AE111137DC5EFB00_1110535423 Label:SM_SkySphere SpatiallyLoaded:0 Bounds:IsValid=true, Min=(X=-1638400.000 Y=-1638400.000 Z=-1638400.000), Max=(X=1638400.000 Y=1638400.000 Z=1638400.000) RuntimeGrid:None EditorOnly:0 RuntimeOnly:0 HLODRelevant:1 FolderPath:Lighting FolderGuid:963EC3EB4002CCE9759E2EBA541A873A
 |   |   |- [+] [ 13]
 |   |   |   |- Guid:85CC7A5B4E983F776B28C19D2F91C5C4 BaseClass:/Game/Bluprint/BP_DUmmy.BP_DUmmy_C NativeClass:/Script/Engine.Character Name:BP_DUmmy_C_UAID_D493900A0425078101_1379227619 Label:BP_DUmmy5 SpatiallyLoaded:1 Bounds:IsValid=true, Min=(X=-1568.014 Y=1473.258 Z=-0.966), Max=(X=-1440.272 Y=1604.521 Z=250.500) RuntimeGrid:None EditorOnly:0 RuntimeOnly:0 HLODRelevant:0
 |   |   |- [+] [ 14]
 |   |   |   |- Guid:16703B9D43AD52D86A3660ADBA24E7B8 BaseClass: NativeClass:/Script/Engine.StaticMeshActor Name:StaticMeshActor_UAID_D493900A0425D47901_1787921251 Label:bag SpatiallyLoaded:1 Bounds:IsValid=true, Min=(X=-145.090 Y=668.712 Z=2.244), Max=(X=-82.221 Y=696.952 Z=53.447) RuntimeGrid:None EditorOnly:0 RuntimeOnly:0 HLODRelevant:1
 |   |   |- [+] [ 15]
 |   |   |   |- Guid:E037525D418E556068EDCF851F7BFEA0 BaseClass: NativeClass:/Script/Engine.StaticMeshActor Name:StaticMeshActor_UAID_D493900A04259C7B01_1507716504 Label:SM_Cube6 SpatiallyLoaded:1 Bounds:IsValid=true, Min=(X=-3000.000 Y=2182.631 Z=-983.923), Max=(X=-0.000 Y=5682.631 Z=-933.923) RuntimeGrid:None EditorOnly:0 RuntimeOnly:0 HLODRelevant:1 FolderPath:Playground FolderGuid:C73F09FC4215536B1DCE2A9E0A830C70
 |   |   |- [+] [ 16]
 |   |   |   |- Guid:B785ED2844B84CFB91E7F39FE661CD99 BaseClass: NativeClass:/Script/Engine.DirectionalLight Name:DirectionalLight_0 Label:DirectionalLight SpatiallyLoaded:0 Bounds:IsValid=true, Min=(X=-4398046511104.000 Y=-4398046511104.000 Z=-4398046511104.000), Max=(X=4398046511104.000 Y=4398046511104.000 Z=4398046511104.000) RuntimeGrid:None EditorOnly:0 RuntimeOnly:0 HLODRelevant:0 FolderPath:Lighting FolderGuid:963EC3EB4002CCE9759E2EBA541A873A
 |   |   |- [+] [ 17]
 |   |   |   |- Guid:82B955D84E9BFEBECA32279794B560F0 BaseClass: NativeClass:/Script/Engine.StaticMeshActor Name:StaticMeshActor_UAID_D493900A0425447A01_1756214962 Label:Mustache_L_Wavy_Helmet_LOD7 SpatiallyLoaded:1 Bounds:IsValid=true, Min=(X=-1083.745 Y=744.746 Z=239.409), Max=(X=-1075.743 Y=747.606 Z=242.868) RuntimeGrid:None EditorOnly:0 RuntimeOnly:0 HLODRelevant:1
 |   |   |- [+] [ 18]
 |   |   |   |- Guid:316CF2A6494ACA4C0E4180A87D36AB8F BaseClass: NativeClass:/Script/Engine.ExponentialHeightFog Name:ExponentialHeightFog_0 Label:ExponentialHeightFog SpatiallyLoaded:0 Bounds:IsValid=true, Min=(X=-5600.000 Y=-50.000 Z=-6850.000), Max=(X=-5600.000 Y=-50.000 Z=-6850.000) RuntimeGrid:None EditorOnly:0 RuntimeOnly:0 HLODRelevant:0 FolderPath:Lighting FolderGuid:963EC3EB4002CCE9759E2EBA541A873A
 |   |   |- [+] [ 19]
 |   |   |   |- Guid:D4AF6952408158FA41A737B29EB5B04D BaseClass:/Game/Bluprint/BP_DUmmy.BP_DUmmy_C NativeClass:/Script/Engine.Character Name:BP_DUmmy_C_UAID_D493900A0425068101_1594102440 Label:BP_DUmmy3 SpatiallyLoaded:1 Bounds:IsValid=true, Min=(X=-1162.959 Y=2193.423 Z=-0.966), Max=(X=-1035.217 Y=2324.686 Z=250.500) RuntimeGrid:None EditorOnly:0 RuntimeOnly:0 HLODRelevant:0
 |   |   |- [+] [ 20]
 |   |   |   |- Guid:F1924B8D48954B30891B2DB6A694F9CC BaseClass: NativeClass:/Script/Engine.StaticMeshActor Name:StaticMeshActor_1 Label:SM_Cube SpatiallyLoaded:1 Bounds:IsValid=true, Min=(X=0.574 Y=0.000 Z=-50.000), Max=(X=3000.574 Y=3500.000 Z=0.000) RuntimeGrid:None EditorOnly:0 RuntimeOnly:0 HLODRelevant:1 FolderPath:Playground FolderGuid:C73F09FC4215536B1DCE2A9E0A830C70
 |   |   |- [+] [ 21]
 |   |   |   |- Guid:419DB5354E5E186BB3F8009B2C0C2A69 BaseClass:/Game/EquidSystem/BP_key.BP_key_C NativeClass:/Script/Engine.Actor Name:BP_key_C_UAID_D493900A0425887B01_1164344983 Label:BP_key SpatiallyLoaded:1 Bounds:IsValid=true, Min=(X=-833.290 Y=381.552 Z=-102.645), Max=(X=-627.999 Y=586.842 Z=102.645) RuntimeGrid:None EditorOnly:0 RuntimeOnly:0 HLODRelevant:0
 |   |   |- [+] [ 22]
 |   |   |   |- Guid:191FEA0F4AAEA139D03C1EB6E8F74BF9 BaseClass:/Game/Bluprint/BP_DUmmy.BP_DUmmy_C NativeClass:/Script/Engine.Character Name:BP_DUmmy_C_UAID_D493900A0425078101_1379249622 Label:BP_DUmmy7 SpatiallyLoaded:1 Bounds:IsValid=true, Min=(X=-1162.959 Y=1475.195 Z=-0.966), Max=(X=-1035.217 Y=1606.458 Z=250.500) RuntimeGrid:None EditorOnly:0 RuntimeOnly:0 HLODRelevant:0
 |   |   |- [+] [ 23]
 |   |   |   |- Guid:59C8462941C7CD50AA9573804802440C BaseClass:/Game/EquidSystem/BP_Weapons.BP_Weapons_C NativeClass:/Script/Engine.Actor Name:BP_Weapons_C_UAID_D493900A0425447A01_1440895961 Label:BP_Weapons2 SpatiallyLoaded:1 Bounds:IsValid=true, Min=(X=-983.700 Y=890.244 Z=-117.672), Max=(X=-631.016 Y=1252.724 Z=244.808) RuntimeGrid:None EditorOnly:0 RuntimeOnly:0 HLODRelevant:0
 |   |   |- [+] [ 24]
 |   |   |   |- Guid:4C7D600D4DDAF6085BAEE1AFD6DD683C BaseClass:/Game/EquidSystem/BP_Weapons.BP_Weapons_C NativeClass:/Script/Engine.Actor Name:BP_Weapons_C_UAID_D493900A0425447A01_1187673960 Label:BP_Weapons SpatiallyLoaded:1 Bounds:IsValid=true, Min=(X=-983.700 Y=772.651 Z=-112.774), Max=(X=-631.016 Y=1125.336 Z=239.910) RuntimeGrid:None EditorOnly:0 RuntimeOnly:0 HLODRelevant:0
 |   |   |- [+] [ 25]
 |   |   |   |- Guid:2FB58999456391D349DC0F86DAC136ED BaseClass: NativeClass:/Script/Engine.SkyLight Name:SkyLight_1 Label:SkyLight SpatiallyLoaded:0 Bounds:IsValid=true, Min=(X=0.000 Y=0.000 Z=690.000), Max=(X=0.000 Y=0.000 Z=690.000) RuntimeGrid:None EditorOnly:0 RuntimeOnly:0 HLODRelevant:0 FolderPath:Lighting FolderGuid:963EC3EB4002CCE9759E2EBA541A873A
 |   |   |- [+] [ 26]
 |   |   |   |- Guid:1E9779604968FB287A7ABCB08C97A75B BaseClass:/Game/ThirdPerson/Blueprints/BP_ThirdPersonCharacter.BP_ThirdPersonCharacter_C NativeClass:/Script/Engine.Character Name:BP_ThirdPersonCharacter_C_UAID_D493900A0425A97A01_1233095737 Label:BP_ThirdPersonCharacter SpatiallyLoaded:1 Bounds:IsValid=true, Min=(X=-600.688 Y=1802.228 Z=-24.603), Max=(X=-90.248 Y=2019.633 Z=184.129) RuntimeGrid:None EditorOnly:0 RuntimeOnly:0 HLODRelevant:0
 |   |   |- [+] [ 27]
 |   |   |   |- Guid:5E2D791B49ED838736167997138233E0 BaseClass:/Game/a/Door/BP_toilet.BP_toilet_C NativeClass:/Script/Engine.Actor Name:BP_toilet_C_UAID_D493900A0425BA7A01_1345134727 Label:BP_toilet SpatiallyLoaded:1 Bounds:IsValid=true, Min=(X=-642.673 Y=938.333 Z=-10.397), Max=(X=-93.981 Y=1491.937 Z=257.576) RuntimeGrid:None EditorOnly:0 RuntimeOnly:0 HLODRelevant:0
 |   |   |- [+] [ 28]
 |   |   |   |- Guid:F11EA8C049AFDAC1121A17B95FADE4CA BaseClass:/Game/EquidSystem/BP_key.BP_key_C NativeClass:/Script/Engine.Actor Name:BP_key_C_UAID_D493900A0425A87B01_1234790616 Label:BP_key5 SpatiallyLoaded:1 Bounds:IsValid=true, Min=(X=-801.243 Y=246.462 Z=-102.645), Max=(X=-595.953 Y=451.753 Z=102.645) RuntimeGrid:None EditorOnly:0 RuntimeOnly:0 HLODRelevant:0
 |   |   |- [+] [ 29]
 |   |   |   |- Guid:5CD5E20F413A0D923DA2629191CBB428 BaseClass:/Game/Bluprint/BP_DUmmy.BP_DUmmy_C NativeClass:/Script/Engine.Character Name:BP_DUmmy_C_UAID_D493900A0425B07B01_1803062023 Label:BP_DUmmy2 SpatiallyLoaded:1 Bounds:IsValid=true, Min=(X=2072.665 Y=1266.323 Z=-0.966), Max=(X=2200.407 Y=1397.586 Z=250.500) RuntimeGrid:None EditorOnly:0 RuntimeOnly:0 HLODRelevant:0
 |   |   |- [+] [ 30]
 |   |   |   |- Guid:02B2CA614B50F90A6523EF88AC8C6EF0 BaseClass: NativeClass:/Script/Engine.StaticMeshActor Name:StaticMeshActor_UAID_D493900A0425078101_1675935616 Label:Cube2 SpatiallyLoaded:1 Bounds:IsValid=true, Min=(X=8.750 Y=1079.286 Z=-3.491), Max=(X=112.977 Y=1695.953 Z=96.509) RuntimeGrid:None EditorOnly:0 RuntimeOnly:0 HLODRelevant:1
 |   |   |- [+] [ 31]
 |   |   |   |- Guid:5FE6712E42364A1EE3225D91D2F58F49 BaseClass:/Game/EquidSystem/BP_key.BP_key_C NativeClass:/Script/Engine.Actor Name:BP_key_C_UAID_D493900A0425887B01_1446798988 Label:BP_key2 SpatiallyLoaded:1 Bounds:IsValid=true, Min=(X=384.431 Y=754.780 Z=-133.350), Max=(X=673.509 Y=1064.405 Z=155.729) RuntimeGrid:None EditorOnly:0 RuntimeOnly:0 HLODRelevant:0
 |   |   |- [+] [ 32]
 |   |   |   |- Guid:173FB5BF44536C79CB3411A0A005D55F BaseClass:/Game/EquidSystem/BP_Weapons.BP_Weapons_C NativeClass:/Script/Engine.Actor Name:BP_Weapons_C_UAID_D493900A0425457A01_1119008136 Label:BP_Weapons4 SpatiallyLoaded:1 Bounds:IsValid=true, Min=(X=-983.700 Y=1002.308 Z=-112.774), Max=(X=-631.016 Y=1354.992 Z=239.910) RuntimeGrid:None EditorOnly:0 RuntimeOnly:0 HLODRelevant:0
 |   |   |- [+] [ 33]
 |   |   |   |- Guid:1B490F00464EDFE2D68FECB6B7D6FE4D BaseClass:/Game/EquidSystem/BP_key.BP_key_C NativeClass:/Script/Engine.Actor Name:BP_key_C_UAID_D493900A0425A87B01_1233507615 Label:BP_key4 SpatiallyLoaded:1 Bounds:IsValid=true, Min=(X=-817.782 Y=320.184 Z=-102.645), Max=(X=-612.491 Y=525.474 Z=102.645) RuntimeGrid:None EditorOnly:0 RuntimeOnly:0 HLODRelevant:0
 |   |   |- [+] [ 34]
 |   |   |   |- Guid:3A00AA1C422CE54C0BDB60BAF471BFBB BaseClass: NativeClass:/Script/Engine.PlayerStart Name:PlayerStart_0 Label:PlayerStart SpatiallyLoaded:0 Bounds:IsValid=true, Min=(X=-579.375 Y=1069.056 Z=0.013), Max=(X=-497.487 Y=1150.944 Z=184.013) RuntimeGrid:None EditorOnly:0 RuntimeOnly:0 HLODRelevant:0
 |   |   |- [+] [ 35]
 |   |   |   |- Guid:F70987C44386554D3B410A9BD5B87979 BaseClass: NativeClass:/Script/Engine.PointLight Name:PointLight_UAID_D493900A0425F47A01_2124030935 Label:PointLight SpatiallyLoaded:1 Bounds:IsValid=true, Min=(X=-2696.224 Y=-140.285 Z=-808.015), Max=(X=-696.224 Y=1859.715 Z=1191.985) RuntimeGrid:None EditorOnly:0 RuntimeOnly:0 HLODRelevant:0
 |   |   |- [+] [ 36]
 |   |   |   |- Guid:8B7E71044FCD5F8D6F148685029810B1 BaseClass: NativeClass:/Script/Engine.StaticMeshActor Name:StaticMeshActor_UAID_D493900A0425887B01_1334272985 Label:S_Worn_Wooden_Crate_vi5hdewga_lod0_Var1 SpatiallyLoaded:1 Bounds:IsValid=true, Min=(X=503.280 Y=870.270 Z=-0.316), Max=(X=569.509 Y=931.169 Z=26.219) RuntimeGrid:None EditorOnly:0 RuntimeOnly:0 HLODRelevant:1
 |   |   |- [+] [ 37]
 |   |   |   |- Guid:3399537B412E070670684EA6F13EE46D BaseClass: NativeClass:/Script/NavigationSystem.RecastNavMesh Name:RecastNavMesh_UAID_D493900A0425167901-Default Label:RecastNavMesh-Default SpatiallyLoaded:0 Bounds:IsValid=true, Min=(X=0.000 Y=0.000 Z=0.000), Max=(X=0.000 Y=0.000 Z=0.000) RuntimeGrid:None EditorOnly:0 RuntimeOnly:0 HLODRelevant:0
 |   |   |- [+] [ 38]
 |   |   |   |- Guid:3A9D7E6D44F6F7AEE571C29A4A3639EF BaseClass: NativeClass:/Script/NavigationSystem.NavMeshBoundsVolume Name:NavMeshBoundsVolume_UAID_D493900A0425167901_1667480810 Label:NavMeshBoundsVolume SpatiallyLoaded:0 Bounds:IsValid=true, Min=(X=-3377.601 Y=-2150.338 Z=-3316.105), Max=(X=3830.176 Y=5057.440 Z=3891.673) RuntimeGrid:None EditorOnly:0 RuntimeOnly:0 HLODRelevant:0
 |   |   |- [+] [ 39]
 |   |   |   |- Guid:234E657442D7BDCF6C5608A8A83A803F BaseClass:/Game/a/trap/BP_Trap.BP_Trap_C NativeClass:/Script/Engine.Actor Name:BP_Trap_C_UAID_D493900A0425118101_1804706376 Label:BP_Trap SpatiallyLoaded:1 Bounds:IsValid=true, Min=(X=-2212.158 Y=994.613 Z=-76.381), Max=(X=-1918.743 Y=1217.583 Z=122.154) RuntimeGrid:None EditorOnly:0 RuntimeOnly:0 HLODRelevant:0
 |- ContainerInstances:
 |- [+] MainContainer:
 |   |-        ID: 0x0000000000000000
 |   |-    Bounds: IsValid=false, Min=(X=0.000 Y=0.000 Z=0.000), Max=(X=0.000 Y=0.000 Z=0.000)
 |   |- Transform: 0.000000,0.000000,0.000000|0.000000,0.000000,-0.000000|1.000000,1.000000,1.000000
 |   |- Container: /Game/ThirdPerson/Maps/ThirdPersonMap
----------------------------------------------------------------------------------------------------------------
ThirdPersonMap - Persistent Level
----------------------------------------------------------------------------------------------------------------
Always loaded Actor Count: 48 

----------------------------------------------------------------------------------------------------------------
ThirdPersonMap - Runtime Spatial Hash - Streaming Grid - MainGrid
----------------------------------------------------------------------------------------------------------------
            Origin: X=0.000 Y=0.000 Z=0.000
         Cell Size: 12800
      World Bounds: IsValid=false, Min=(X=0.000 Y=0.000 Z=0.000), Max=(X=0.000 Y=0.000 Z=0.000)
     Loading Range: 25600.00
Block Slow Loading: No
 ClientOnlyVisible: No

[+] Grid Levels: 1
 |- Level  0: Cell Count    0 | Cell Size   12800 | Actor Count    0 (0.0%)

[+] Content of Grid Level 0

