[+] Containers:
 |- [+] Container: /Game/ThirdPerson/Maps/ThirdPersonMap
 |   |- [+] ActorDescs:
 |   |   |- Guid:0532F0EA4EEFACF7110E7787B3CD0AD6 BaseClass:/Game/Bluprint/BP_DUmmy.BP_DUmmy_C NativeClass:/Script/Engine.Character Name:BP_DUmmy_C_UAID_D493900A0425437A01_1989907783 Label:BP_DUmmy SpatiallyLoaded:1 Bounds:IsValid=true, Min=(X=-323.794 Y=941.296 Z=-2.964), Max=(X=-167.715 Y=1068.418 Z=250.500) RuntimeGrid:None EditorOnly:0 RuntimeOnly:0 HLODRelevant:0
 |   |   |- Guid:086515C148ADD624963DAA8C3CD410CF BaseClass:/Game/EquidSystem/BP_key.BP_key_C NativeClass:/Script/Engine.Actor Name:BP_key_C_UAID_D493900A0425F87A01_1205325652 Label:BP_key4 SpatiallyLoaded:1 Bounds:IsValid=true, Min=(X=-773.021 Y=1681.051 Z=-82.112), Max=(X=-527.404 Y=1926.668 Z=163.505) RuntimeGrid:None EditorOnly:0 RuntimeOnly:0 HLODRelevant:0
 |   |   |- Guid:16703B9D43AD52D86A3660ADBA24E7B8 BaseClass: NativeClass:/Script/Engine.StaticMeshActor Name:StaticMeshActor_UAID_D493900A0425D47901_1787921251 Label:bag SpatiallyLoaded:1 Bounds:IsValid=true, Min=(X=-145.090 Y=668.712 Z=2.244), Max=(X=-82.221 Y=696.952 Z=53.447) RuntimeGrid:None EditorOnly:0 RuntimeOnly:0 HLODRelevant:1
 |   |   |- Guid:173FB5BF44536C79CB3411A0A005D55F BaseClass:/Game/EquidSystem/BP_Weapons.BP_Weapons_C NativeClass:/Script/Engine.Actor Name:BP_Weapons_C_UAID_D493900A0425457A01_1119008136 Label:BP_Weapons4 SpatiallyLoaded:1 Bounds:IsValid=true, Min=(X=-930.167 Y=1055.841 Z=-59.240), Max=(X=-684.550 Y=1301.458 Z=186.376) RuntimeGrid:None EditorOnly:0 RuntimeOnly:0 HLODRelevant:0
 |   |   |- Guid:1E9779604968FB287A7ABCB08C97A75B BaseClass:/Game/ThirdPerson/Blueprints/BP_ThirdPersonCharacter.BP_ThirdPersonCharacter_C NativeClass:/Script/Engine.Character Name:BP_ThirdPersonCharacter_C_UAID_D493900A0425A97A01_1233095737 Label:BP_ThirdPersonCharacter SpatiallyLoaded:1 Bounds:IsValid=true, Min=(X=-632.890 Y=1084.392 Z=-24.603), Max=(X=-123.864 Y=1299.892 Z=184.129) RuntimeGrid:None EditorOnly:0 RuntimeOnly:0 HLODRelevant:0
 |   |   |- Guid:2074EDAC43D9E155139F57B7DCFBAF67 BaseClass:/Game/EquidSystem/BP_Weapons.BP_Weapons_C NativeClass:/Script/Engine.Actor Name:BP_Weapons_C_UAID_D493900A0425457A01_1993187142 Label:BP_Weapons8 SpatiallyLoaded:1 Bounds:IsValid=true, Min=(X=-927.635 Y=627.351 Z=-59.240), Max=(X=-682.018 Y=872.968 Z=186.376) RuntimeGrid:None EditorOnly:0 RuntimeOnly:0 HLODRelevant:0
 |   |   |- Guid:2D396D89465DDFBCC4565C858CAAD567 BaseClass: NativeClass:/Script/CinematicCamera.CineCameraActor Name:CineCameraActor_UAID_D493900A0425A97A01_1724171739 Label:CineCameraActor SpatiallyLoaded:1 Bounds:IsValid=true, Min=(X=-179.264 Y=1052.973 Z=870.600), Max=(X=-179.264 Y=1052.973 Z=870.600) RuntimeGrid:None EditorOnly:0 RuntimeOnly:0 HLODRelevant:0
 |   |   |- Guid:2FB58999456391D349DC0F86DAC136ED BaseClass: NativeClass:/Script/Engine.SkyLight Name:SkyLight_1 Label:SkyLight SpatiallyLoaded:0 Bounds:IsValid=true, Min=(X=0.000 Y=0.000 Z=690.000), Max=(X=0.000 Y=0.000 Z=690.000) RuntimeGrid:None EditorOnly:0 RuntimeOnly:0 HLODRelevant:0 FolderPath:Lighting FolderGuid:963EC3EB4002CCE9759E2EBA541A873A
 |   |   |- Guid:316CF2A6494ACA4C0E4180A87D36AB8F BaseClass: NativeClass:/Script/Engine.ExponentialHeightFog Name:ExponentialHeightFog_0 Label:ExponentialHeightFog SpatiallyLoaded:0 Bounds:IsValid=true, Min=(X=-5600.000 Y=-50.000 Z=-6850.000), Max=(X=-5600.000 Y=-50.000 Z=-6850.000) RuntimeGrid:None EditorOnly:0 RuntimeOnly:0 HLODRelevant:0 FolderPath:Lighting FolderGuid:963EC3EB4002CCE9759E2EBA541A873A
 |   |   |- Guid:3399537B412E070670684EA6F13EE46D BaseClass: NativeClass:/Script/NavigationSystem.RecastNavMesh Name:RecastNavMesh_UAID_D493900A0425167901-Default Label:RecastNavMesh-Default SpatiallyLoaded:0 Bounds:IsValid=true, Min=(X=0.000 Y=0.000 Z=0.000), Max=(X=0.000 Y=0.000 Z=0.000) RuntimeGrid:None EditorOnly:0 RuntimeOnly:0 HLODRelevant:0
 |   |   |- Guid:36FC4CFA466EDF541AAF59B43C5F8B88 BaseClass: NativeClass:/Script/Engine.StaticMeshActor Name:StaticMeshActor_UAID_D493900A0425417601_1074382207 Label:SM_Cube5 SpatiallyLoaded:1 Bounds:IsValid=true, Min=(X=-3000.000 Y=0.000 Z=-50.000), Max=(X=0.000 Y=3500.000 Z=0.000) RuntimeGrid:None EditorOnly:0 RuntimeOnly:0 HLODRelevant:1 FolderPath:Playground FolderGuid:C73F09FC4215536B1DCE2A9E0A830C70
 |   |   |- Guid:3A00AA1C422CE54C0BDB60BAF471BFBB BaseClass: NativeClass:/Script/Engine.PlayerStart Name:PlayerStart_0 Label:PlayerStart SpatiallyLoaded:0 Bounds:IsValid=true, Min=(X=-579.375 Y=1069.056 Z=0.013), Max=(X=-497.487 Y=1150.944 Z=184.013) RuntimeGrid:None EditorOnly:0 RuntimeOnly:0 HLODRelevant:0
 |   |   |- Guid:3A9D7E6D44F6F7AEE571C29A4A3639EF BaseClass: NativeClass:/Script/NavigationSystem.NavMeshBoundsVolume Name:NavMeshBoundsVolume_UAID_D493900A0425167901_1667480810 Label:NavMeshBoundsVolume SpatiallyLoaded:0 Bounds:IsValid=true, Min=(X=-3377.601 Y=-2150.338 Z=-3316.105), Max=(X=3830.176 Y=5057.440 Z=3891.673) RuntimeGrid:None EditorOnly:0 RuntimeOnly:0 HLODRelevant:0
 |   |   |- Guid:4C7D600D4DDAF6085BAEE1AFD6DD683C BaseClass:/Game/EquidSystem/BP_Weapons.BP_Weapons_C NativeClass:/Script/Engine.Actor Name:BP_Weapons_C_UAID_D493900A0425447A01_1187673960 Label:BP_Weapons SpatiallyLoaded:1 Bounds:IsValid=true, Min=(X=-930.167 Y=826.185 Z=-59.240), Max=(X=-684.550 Y=1071.802 Z=186.376) RuntimeGrid:None EditorOnly:0 RuntimeOnly:0 HLODRelevant:0
 |   |   |- Guid:4D3BE93F4146AAAC8BBE79999D96D57F BaseClass: NativeClass:/Script/Engine.VolumetricCloud Name:VolumetricCloud_0 Label:VolumetricCloud SpatiallyLoaded:0 Bounds:IsValid=true, Min=(X=0.000 Y=0.000 Z=820.000), Max=(X=0.000 Y=0.000 Z=820.000) RuntimeGrid:None EditorOnly:0 RuntimeOnly:0 HLODRelevant:0 FolderPath:Lighting FolderGuid:963EC3EB4002CCE9759E2EBA541A873A
 |   |   |- Guid:59C8462941C7CD50AA9573804802440C BaseClass:/Game/EquidSystem/BP_Weapons.BP_Weapons_C NativeClass:/Script/Engine.Actor Name:BP_Weapons_C_UAID_D493900A0425447A01_1440895961 Label:BP_Weapons2 SpatiallyLoaded:1 Bounds:IsValid=true, Min=(X=-930.167 Y=948.676 Z=-59.240), Max=(X=-684.550 Y=1194.292 Z=186.376) RuntimeGrid:None EditorOnly:0 RuntimeOnly:0 HLODRelevant:0
 |   |   |- Guid:5E2D791B49ED838736167997138233E0 BaseClass:/Game/a/Door/BP_toilet.BP_toilet_C NativeClass:/Script/Engine.Actor Name:BP_toilet_C_UAID_D493900A0425BA7A01_1345134727 Label:BP_toilet SpatiallyLoaded:1 Bounds:IsValid=true, Min=(X=-1893.479 Y=640.416 Z=-49.807), Max=(X=-1469.262 Y=1064.632 Z=273.117) RuntimeGrid:None EditorOnly:0 RuntimeOnly:0 HLODRelevant:0
 |   |   |- Guid:6BAF4DDD444C60371492D3919DB42C97 BaseClass: NativeClass:/Script/Engine.WorldDataLayers Name:WorldDataLayers Label:WorldDataLayers SpatiallyLoaded:0 Bounds:IsValid=true, Min=(X=0.000 Y=0.000 Z=0.000), Max=(X=0.000 Y=0.000 Z=0.000) RuntimeGrid:None EditorOnly:0 RuntimeOnly:0 HLODRelevant:0
 |   |   |- Guid:6E6A8DBA483D7405FAE675865F6E0D66 BaseClass: NativeClass:/Script/Engine.StaticMeshActor Name:StaticMeshActor_UAID_D493900A0425F57A01_1716915116 Label:ancient_key SpatiallyLoaded:1 Bounds:IsValid=true, Min=(X=-311.118 Y=1949.964 Z=-0.001), Max=(X=-297.550 Y=1981.870 Z=2.513) RuntimeGrid:None EditorOnly:0 RuntimeOnly:0 HLODRelevant:1
 |   |   |- Guid:7D952D6B4C09BBF14C3179B28A5DC734 BaseClass:/Game/a/Door/BP_door.BP_door_C NativeClass:/Script/Engine.Actor Name:BP_door_C_UAID_D493900A0425F67A01_1776836299 Label:BP_door SpatiallyLoaded:1 Bounds:IsValid=true, Min=(X=-59.723 Y=950.926 Z=-29.917), Max=(X=190.320 Y=1200.969 Z=220.126) RuntimeGrid:None EditorOnly:0 RuntimeOnly:0 HLODRelevant:0
 |   |   |- Guid:82B955D84E9BFEBECA32279794B560F0 BaseClass: NativeClass:/Script/Engine.StaticMeshActor Name:StaticMeshActor_UAID_D493900A0425447A01_1756214962 Label:Mustache_L_Wavy_Helmet_LOD7 SpatiallyLoaded:1 Bounds:IsValid=true, Min=(X=-1083.745 Y=744.746 Z=239.409), Max=(X=-1075.743 Y=747.606 Z=242.868) RuntimeGrid:None EditorOnly:0 RuntimeOnly:0 HLODRelevant:1
 |   |   |- Guid:A9A4C455458EEDC8106D72BDBE868CF2 BaseClass:/Game/EquidSystem/BP_key.BP_key_C NativeClass:/Script/Engine.Actor Name:BP_key_C_UAID_D493900A0425F57A01_1195387114 Label:BP_key3 SpatiallyLoaded:1 Bounds:IsValid=true, Min=(X=-773.021 Y=1617.003 Z=-82.112), Max=(X=-527.404 Y=1862.620 Z=163.505) RuntimeGrid:None EditorOnly:0 RuntimeOnly:0 HLODRelevant:0
 |   |   |- Guid:B785ED2844B84CFB91E7F39FE661CD99 BaseClass: NativeClass:/Script/Engine.DirectionalLight Name:DirectionalLight_0 Label:DirectionalLight SpatiallyLoaded:0 Bounds:IsValid=true, Min=(X=-4398046511104.000 Y=-4398046511104.000 Z=-4398046511104.000), Max=(X=4398046511104.000 Y=4398046511104.000 Z=4398046511104.000) RuntimeGrid:None EditorOnly:0 RuntimeOnly:0 HLODRelevant:0 FolderPath:Lighting FolderGuid:963EC3EB4002CCE9759E2EBA541A873A
 |   |   |- Guid:B9648034474D7A6E59DA4A9662C43430 BaseClass:/Game/EquidSystem/BP_Weapons.BP_Weapons_C NativeClass:/Script/Engine.Actor Name:BP_Weapons_C_UAID_D493900A0425457A01_1121458138 Label:BP_Weapons6 SpatiallyLoaded:1 Bounds:IsValid=true, Min=(X=-930.607 Y=1136.833 Z=-59.240), Max=(X=-523.791 Y=1382.450 Z=186.376) RuntimeGrid:None EditorOnly:0 RuntimeOnly:0 HLODRelevant:0
 |   |   |- Guid:CCFF262C46EEFFDF319E7F9539CE697E BaseClass: NativeClass:/Script/Engine.SkyAtmosphere Name:SkyAtmosphere_0 Label:SkyAtmosphere SpatiallyLoaded:0 Bounds:IsValid=true, Min=(X=0.000 Y=0.000 Z=1020.000), Max=(X=0.000 Y=0.000 Z=1020.000) RuntimeGrid:None EditorOnly:0 RuntimeOnly:0 HLODRelevant:0 FolderPath:Lighting FolderGuid:963EC3EB4002CCE9759E2EBA541A873A
 |   |   |- Guid:D3B0ABC64E790C2020E4549B2D38490A BaseClass:/Game/EquidSystem/BP_Weapons.BP_Weapons_C NativeClass:/Script/Engine.Actor Name:BP_Weapons_C_UAID_D493900A0425F47A01_2145708936 Label:BP_Weapons3 SpatiallyLoaded:1 Bounds:IsValid=true, Min=(X=-1773.528 Y=696.309 Z=-75.848), Max=(X=-1527.911 Y=995.693 Z=223.536) RuntimeGrid:None EditorOnly:0 RuntimeOnly:0 HLODRelevant:0
 |   |   |- Guid:EC4E0C944CE6AC6E784BC6BB2916EA13 BaseClass: NativeClass:/Script/Engine.StaticMeshActor Name:StaticMeshActor_UAID_A4AE111137DC5EFB00_1110535423 Label:SM_SkySphere SpatiallyLoaded:0 Bounds:IsValid=true, Min=(X=-1638400.000 Y=-1638400.000 Z=-1638400.000), Max=(X=1638400.000 Y=1638400.000 Z=1638400.000) RuntimeGrid:None EditorOnly:0 RuntimeOnly:0 HLODRelevant:1 FolderPath:Lighting FolderGuid:963EC3EB4002CCE9759E2EBA541A873A
 |   |   |- Guid:F1924B8D48954B30891B2DB6A694F9CC BaseClass: NativeClass:/Script/Engine.StaticMeshActor Name:StaticMeshActor_1 Label:SM_Cube SpatiallyLoaded:1 Bounds:IsValid=true, Min=(X=0.000 Y=0.000 Z=-50.000), Max=(X=3000.000 Y=3500.000 Z=0.000) RuntimeGrid:None EditorOnly:0 RuntimeOnly:0 HLODRelevant:1 FolderPath:Playground FolderGuid:C73F09FC4215536B1DCE2A9E0A830C70
 |   |   |- Guid:F5E3FEB3450C49844FD93DA8E083C8AD BaseClass: NativeClass:/Script/Engine.PostProcessVolume Name:PostProcessVolume_0 Label:PostProcessVolume SpatiallyLoaded:0 Bounds:IsValid=true, Min=(X=0.000 Y=0.000 Z=400.000), Max=(X=200.000 Y=200.000 Z=600.000) RuntimeGrid:None EditorOnly:0 RuntimeOnly:0 HLODRelevant:0 FolderPath:Lighting FolderGuid:963EC3EB4002CCE9759E2EBA541A873A
 |   |   |- Guid:F70987C44386554D3B410A9BD5B87979 BaseClass: NativeClass:/Script/Engine.PointLight Name:PointLight_UAID_D493900A0425F47A01_2124030935 Label:PointLight SpatiallyLoaded:1 Bounds:IsValid=true, Min=(X=-2696.224 Y=-140.285 Z=-808.015), Max=(X=-696.224 Y=1859.715 Z=1191.985) RuntimeGrid:None EditorOnly:0 RuntimeOnly:0 HLODRelevant:0
 |   |- [+] Clusters:
 |   |   |- [+] [  0]
 |   |   |   |- Guid:6BAF4DDD444C60371492D3919DB42C97 BaseClass: NativeClass:/Script/Engine.WorldDataLayers Name:WorldDataLayers Label:WorldDataLayers SpatiallyLoaded:0 Bounds:IsValid=true, Min=(X=0.000 Y=0.000 Z=0.000), Max=(X=0.000 Y=0.000 Z=0.000) RuntimeGrid:None EditorOnly:0 RuntimeOnly:0 HLODRelevant:0
 |   |   |- [+] [  1]
 |   |   |   |- Guid:0532F0EA4EEFACF7110E7787B3CD0AD6 BaseClass:/Game/Bluprint/BP_DUmmy.BP_DUmmy_C NativeClass:/Script/Engine.Character Name:BP_DUmmy_C_UAID_D493900A0425437A01_1989907783 Label:BP_DUmmy SpatiallyLoaded:1 Bounds:IsValid=true, Min=(X=-323.794 Y=941.296 Z=-2.964), Max=(X=-167.715 Y=1068.418 Z=250.500) RuntimeGrid:None EditorOnly:0 RuntimeOnly:0 HLODRelevant:0
 |   |   |- [+] [  2]
 |   |   |   |- Guid:F5E3FEB3450C49844FD93DA8E083C8AD BaseClass: NativeClass:/Script/Engine.PostProcessVolume Name:PostProcessVolume_0 Label:PostProcessVolume SpatiallyLoaded:0 Bounds:IsValid=true, Min=(X=0.000 Y=0.000 Z=400.000), Max=(X=200.000 Y=200.000 Z=600.000) RuntimeGrid:None EditorOnly:0 RuntimeOnly:0 HLODRelevant:0 FolderPath:Lighting FolderGuid:963EC3EB4002CCE9759E2EBA541A873A
 |   |   |- [+] [  3]
 |   |   |   |- Guid:2D396D89465DDFBCC4565C858CAAD567 BaseClass: NativeClass:/Script/CinematicCamera.CineCameraActor Name:CineCameraActor_UAID_D493900A0425A97A01_1724171739 Label:CineCameraActor SpatiallyLoaded:1 Bounds:IsValid=true, Min=(X=-179.264 Y=1052.973 Z=870.600), Max=(X=-179.264 Y=1052.973 Z=870.600) RuntimeGrid:None EditorOnly:0 RuntimeOnly:0 HLODRelevant:0
 |   |   |- [+] [  4]
 |   |   |   |- Guid:2074EDAC43D9E155139F57B7DCFBAF67 BaseClass:/Game/EquidSystem/BP_Weapons.BP_Weapons_C NativeClass:/Script/Engine.Actor Name:BP_Weapons_C_UAID_D493900A0425457A01_1993187142 Label:BP_Weapons8 SpatiallyLoaded:1 Bounds:IsValid=true, Min=(X=-927.635 Y=627.351 Z=-59.240), Max=(X=-682.018 Y=872.968 Z=186.376) RuntimeGrid:None EditorOnly:0 RuntimeOnly:0 HLODRelevant:0
 |   |   |- [+] [  5]
 |   |   |   |- Guid:4D3BE93F4146AAAC8BBE79999D96D57F BaseClass: NativeClass:/Script/Engine.VolumetricCloud Name:VolumetricCloud_0 Label:VolumetricCloud SpatiallyLoaded:0 Bounds:IsValid=true, Min=(X=0.000 Y=0.000 Z=820.000), Max=(X=0.000 Y=0.000 Z=820.000) RuntimeGrid:None EditorOnly:0 RuntimeOnly:0 HLODRelevant:0 FolderPath:Lighting FolderGuid:963EC3EB4002CCE9759E2EBA541A873A
 |   |   |- [+] [  6]
 |   |   |   |- Guid:36FC4CFA466EDF541AAF59B43C5F8B88 BaseClass: NativeClass:/Script/Engine.StaticMeshActor Name:StaticMeshActor_UAID_D493900A0425417601_1074382207 Label:SM_Cube5 SpatiallyLoaded:1 Bounds:IsValid=true, Min=(X=-3000.000 Y=0.000 Z=-50.000), Max=(X=0.000 Y=3500.000 Z=0.000) RuntimeGrid:None EditorOnly:0 RuntimeOnly:0 HLODRelevant:1 FolderPath:Playground FolderGuid:C73F09FC4215536B1DCE2A9E0A830C70
 |   |   |- [+] [  7]
 |   |   |   |- Guid:CCFF262C46EEFFDF319E7F9539CE697E BaseClass: NativeClass:/Script/Engine.SkyAtmosphere Name:SkyAtmosphere_0 Label:SkyAtmosphere SpatiallyLoaded:0 Bounds:IsValid=true, Min=(X=0.000 Y=0.000 Z=1020.000), Max=(X=0.000 Y=0.000 Z=1020.000) RuntimeGrid:None EditorOnly:0 RuntimeOnly:0 HLODRelevant:0 FolderPath:Lighting FolderGuid:963EC3EB4002CCE9759E2EBA541A873A
 |   |   |- [+] [  8]
 |   |   |   |- Guid:EC4E0C944CE6AC6E784BC6BB2916EA13 BaseClass: NativeClass:/Script/Engine.StaticMeshActor Name:StaticMeshActor_UAID_A4AE111137DC5EFB00_1110535423 Label:SM_SkySphere SpatiallyLoaded:0 Bounds:IsValid=true, Min=(X=-1638400.000 Y=-1638400.000 Z=-1638400.000), Max=(X=1638400.000 Y=1638400.000 Z=1638400.000) RuntimeGrid:None EditorOnly:0 RuntimeOnly:0 HLODRelevant:1 FolderPath:Lighting FolderGuid:963EC3EB4002CCE9759E2EBA541A873A
 |   |   |- [+] [  9]
 |   |   |   |- Guid:16703B9D43AD52D86A3660ADBA24E7B8 BaseClass: NativeClass:/Script/Engine.StaticMeshActor Name:StaticMeshActor_UAID_D493900A0425D47901_1787921251 Label:bag SpatiallyLoaded:1 Bounds:IsValid=true, Min=(X=-145.090 Y=668.712 Z=2.244), Max=(X=-82.221 Y=696.952 Z=53.447) RuntimeGrid:None EditorOnly:0 RuntimeOnly:0 HLODRelevant:1
 |   |   |- [+] [ 10]
 |   |   |   |- Guid:B785ED2844B84CFB91E7F39FE661CD99 BaseClass: NativeClass:/Script/Engine.DirectionalLight Name:DirectionalLight_0 Label:DirectionalLight SpatiallyLoaded:0 Bounds:IsValid=true, Min=(X=-4398046511104.000 Y=-4398046511104.000 Z=-4398046511104.000), Max=(X=4398046511104.000 Y=4398046511104.000 Z=4398046511104.000) RuntimeGrid:None EditorOnly:0 RuntimeOnly:0 HLODRelevant:0 FolderPath:Lighting FolderGuid:963EC3EB4002CCE9759E2EBA541A873A
 |   |   |- [+] [ 11]
 |   |   |   |- Guid:82B955D84E9BFEBECA32279794B560F0 BaseClass: NativeClass:/Script/Engine.StaticMeshActor Name:StaticMeshActor_UAID_D493900A0425447A01_1756214962 Label:Mustache_L_Wavy_Helmet_LOD7 SpatiallyLoaded:1 Bounds:IsValid=true, Min=(X=-1083.745 Y=744.746 Z=239.409), Max=(X=-1075.743 Y=747.606 Z=242.868) RuntimeGrid:None EditorOnly:0 RuntimeOnly:0 HLODRelevant:1
 |   |   |- [+] [ 12]
 |   |   |   |- Guid:316CF2A6494ACA4C0E4180A87D36AB8F BaseClass: NativeClass:/Script/Engine.ExponentialHeightFog Name:ExponentialHeightFog_0 Label:ExponentialHeightFog SpatiallyLoaded:0 Bounds:IsValid=true, Min=(X=-5600.000 Y=-50.000 Z=-6850.000), Max=(X=-5600.000 Y=-50.000 Z=-6850.000) RuntimeGrid:None EditorOnly:0 RuntimeOnly:0 HLODRelevant:0 FolderPath:Lighting FolderGuid:963EC3EB4002CCE9759E2EBA541A873A
 |   |   |- [+] [ 13]
 |   |   |   |- Guid:F1924B8D48954B30891B2DB6A694F9CC BaseClass: NativeClass:/Script/Engine.StaticMeshActor Name:StaticMeshActor_1 Label:SM_Cube SpatiallyLoaded:1 Bounds:IsValid=true, Min=(X=0.000 Y=0.000 Z=-50.000), Max=(X=3000.000 Y=3500.000 Z=0.000) RuntimeGrid:None EditorOnly:0 RuntimeOnly:0 HLODRelevant:1 FolderPath:Playground FolderGuid:C73F09FC4215536B1DCE2A9E0A830C70
 |   |   |- [+] [ 14]
 |   |   |   |- Guid:59C8462941C7CD50AA9573804802440C BaseClass:/Game/EquidSystem/BP_Weapons.BP_Weapons_C NativeClass:/Script/Engine.Actor Name:BP_Weapons_C_UAID_D493900A0425447A01_1440895961 Label:BP_Weapons2 SpatiallyLoaded:1 Bounds:IsValid=true, Min=(X=-930.167 Y=948.676 Z=-59.240), Max=(X=-684.550 Y=1194.292 Z=186.376) RuntimeGrid:None EditorOnly:0 RuntimeOnly:0 HLODRelevant:0
 |   |   |- [+] [ 15]
 |   |   |   |- Guid:4C7D600D4DDAF6085BAEE1AFD6DD683C BaseClass:/Game/EquidSystem/BP_Weapons.BP_Weapons_C NativeClass:/Script/Engine.Actor Name:BP_Weapons_C_UAID_D493900A0425447A01_1187673960 Label:BP_Weapons SpatiallyLoaded:1 Bounds:IsValid=true, Min=(X=-930.167 Y=826.185 Z=-59.240), Max=(X=-684.550 Y=1071.802 Z=186.376) RuntimeGrid:None EditorOnly:0 RuntimeOnly:0 HLODRelevant:0
 |   |   |- [+] [ 16]
 |   |   |   |- Guid:2FB58999456391D349DC0F86DAC136ED BaseClass: NativeClass:/Script/Engine.SkyLight Name:SkyLight_1 Label:SkyLight SpatiallyLoaded:0 Bounds:IsValid=true, Min=(X=0.000 Y=0.000 Z=690.000), Max=(X=0.000 Y=0.000 Z=690.000) RuntimeGrid:None EditorOnly:0 RuntimeOnly:0 HLODRelevant:0 FolderPath:Lighting FolderGuid:963EC3EB4002CCE9759E2EBA541A873A
 |   |   |- [+] [ 17]
 |   |   |   |- Guid:B9648034474D7A6E59DA4A9662C43430 BaseClass:/Game/EquidSystem/BP_Weapons.BP_Weapons_C NativeClass:/Script/Engine.Actor Name:BP_Weapons_C_UAID_D493900A0425457A01_1121458138 Label:BP_Weapons6 SpatiallyLoaded:1 Bounds:IsValid=true, Min=(X=-930.607 Y=1136.833 Z=-59.240), Max=(X=-523.791 Y=1382.450 Z=186.376) RuntimeGrid:None EditorOnly:0 RuntimeOnly:0 HLODRelevant:0
 |   |   |- [+] [ 18]
 |   |   |   |- Guid:1E9779604968FB287A7ABCB08C97A75B BaseClass:/Game/ThirdPerson/Blueprints/BP_ThirdPersonCharacter.BP_ThirdPersonCharacter_C NativeClass:/Script/Engine.Character Name:BP_ThirdPersonCharacter_C_UAID_D493900A0425A97A01_1233095737 Label:BP_ThirdPersonCharacter SpatiallyLoaded:1 Bounds:IsValid=true, Min=(X=-632.890 Y=1084.392 Z=-24.603), Max=(X=-123.864 Y=1299.892 Z=184.129) RuntimeGrid:None EditorOnly:0 RuntimeOnly:0 HLODRelevant:0
 |   |   |- [+] [ 19]
 |   |   |   |- Guid:5E2D791B49ED838736167997138233E0 BaseClass:/Game/a/Door/BP_toilet.BP_toilet_C NativeClass:/Script/Engine.Actor Name:BP_toilet_C_UAID_D493900A0425BA7A01_1345134727 Label:BP_toilet SpatiallyLoaded:1 Bounds:IsValid=true, Min=(X=-1893.479 Y=640.416 Z=-49.807), Max=(X=-1469.262 Y=1064.632 Z=273.117) RuntimeGrid:None EditorOnly:0 RuntimeOnly:0 HLODRelevant:0
 |   |   |- [+] [ 20]
 |   |   |   |- Guid:173FB5BF44536C79CB3411A0A005D55F BaseClass:/Game/EquidSystem/BP_Weapons.BP_Weapons_C NativeClass:/Script/Engine.Actor Name:BP_Weapons_C_UAID_D493900A0425457A01_1119008136 Label:BP_Weapons4 SpatiallyLoaded:1 Bounds:IsValid=true, Min=(X=-930.167 Y=1055.841 Z=-59.240), Max=(X=-684.550 Y=1301.458 Z=186.376) RuntimeGrid:None EditorOnly:0 RuntimeOnly:0 HLODRelevant:0
 |   |   |- [+] [ 21]
 |   |   |   |- Guid:3A00AA1C422CE54C0BDB60BAF471BFBB BaseClass: NativeClass:/Script/Engine.PlayerStart Name:PlayerStart_0 Label:PlayerStart SpatiallyLoaded:0 Bounds:IsValid=true, Min=(X=-579.375 Y=1069.056 Z=0.013), Max=(X=-497.487 Y=1150.944 Z=184.013) RuntimeGrid:None EditorOnly:0 RuntimeOnly:0 HLODRelevant:0
 |   |   |- [+] [ 22]
 |   |   |   |- Guid:3399537B412E070670684EA6F13EE46D BaseClass: NativeClass:/Script/NavigationSystem.RecastNavMesh Name:RecastNavMesh_UAID_D493900A0425167901-Default Label:RecastNavMesh-Default SpatiallyLoaded:0 Bounds:IsValid=true, Min=(X=0.000 Y=0.000 Z=0.000), Max=(X=0.000 Y=0.000 Z=0.000) RuntimeGrid:None EditorOnly:0 RuntimeOnly:0 HLODRelevant:0
 |   |   |- [+] [ 23]
 |   |   |   |- Guid:3A9D7E6D44F6F7AEE571C29A4A3639EF BaseClass: NativeClass:/Script/NavigationSystem.NavMeshBoundsVolume Name:NavMeshBoundsVolume_UAID_D493900A0425167901_1667480810 Label:NavMeshBoundsVolume SpatiallyLoaded:0 Bounds:IsValid=true, Min=(X=-3377.601 Y=-2150.338 Z=-3316.105), Max=(X=3830.176 Y=5057.440 Z=3891.673) RuntimeGrid:None EditorOnly:0 RuntimeOnly:0 HLODRelevant:0
 |   |   |- [+] [ 24]
 |   |   |   |- Guid:D3B0ABC64E790C2020E4549B2D38490A BaseClass:/Game/EquidSystem/BP_Weapons.BP_Weapons_C NativeClass:/Script/Engine.Actor Name:BP_Weapons_C_UAID_D493900A0425F47A01_2145708936 Label:BP_Weapons3 SpatiallyLoaded:1 Bounds:IsValid=true, Min=(X=-1773.528 Y=696.309 Z=-75.848), Max=(X=-1527.911 Y=995.693 Z=223.536) RuntimeGrid:None EditorOnly:0 RuntimeOnly:0 HLODRelevant:0
 |   |   |- [+] [ 25]
 |   |   |   |- Guid:F70987C44386554D3B410A9BD5B87979 BaseClass: NativeClass:/Script/Engine.PointLight Name:PointLight_UAID_D493900A0425F47A01_2124030935 Label:PointLight SpatiallyLoaded:1 Bounds:IsValid=true, Min=(X=-2696.224 Y=-140.285 Z=-808.015), Max=(X=-696.224 Y=1859.715 Z=1191.985) RuntimeGrid:None EditorOnly:0 RuntimeOnly:0 HLODRelevant:0
 |   |   |- [+] [ 26]
 |   |   |   |- Guid:A9A4C455458EEDC8106D72BDBE868CF2 BaseClass:/Game/EquidSystem/BP_key.BP_key_C NativeClass:/Script/Engine.Actor Name:BP_key_C_UAID_D493900A0425F57A01_1195387114 Label:BP_key3 SpatiallyLoaded:1 Bounds:IsValid=true, Min=(X=-773.021 Y=1617.003 Z=-82.112), Max=(X=-527.404 Y=1862.620 Z=163.505) RuntimeGrid:None EditorOnly:0 RuntimeOnly:0 HLODRelevant:0
 |   |   |- [+] [ 27]
 |   |   |   |- Guid:6E6A8DBA483D7405FAE675865F6E0D66 BaseClass: NativeClass:/Script/Engine.StaticMeshActor Name:StaticMeshActor_UAID_D493900A0425F57A01_1716915116 Label:ancient_key SpatiallyLoaded:1 Bounds:IsValid=true, Min=(X=-311.118 Y=1949.964 Z=-0.001), Max=(X=-297.550 Y=1981.870 Z=2.513) RuntimeGrid:None EditorOnly:0 RuntimeOnly:0 HLODRelevant:1
 |   |   |- [+] [ 28]
 |   |   |   |- Guid:7D952D6B4C09BBF14C3179B28A5DC734 BaseClass:/Game/a/Door/BP_door.BP_door_C NativeClass:/Script/Engine.Actor Name:BP_door_C_UAID_D493900A0425F67A01_1776836299 Label:BP_door SpatiallyLoaded:1 Bounds:IsValid=true, Min=(X=-59.723 Y=950.926 Z=-29.917), Max=(X=190.320 Y=1200.969 Z=220.126) RuntimeGrid:None EditorOnly:0 RuntimeOnly:0 HLODRelevant:0
 |   |   |- [+] [ 29]
 |   |   |   |- Guid:086515C148ADD624963DAA8C3CD410CF BaseClass:/Game/EquidSystem/BP_key.BP_key_C NativeClass:/Script/Engine.Actor Name:BP_key_C_UAID_D493900A0425F87A01_1205325652 Label:BP_key4 SpatiallyLoaded:1 Bounds:IsValid=true, Min=(X=-773.021 Y=1681.051 Z=-82.112), Max=(X=-527.404 Y=1926.668 Z=163.505) RuntimeGrid:None EditorOnly:0 RuntimeOnly:0 HLODRelevant:0
 |- ContainerInstances:
 |- [+] MainContainer:
 |   |-        ID: 0x0000000000000000
 |   |-    Bounds: IsValid=false, Min=(X=0.000 Y=0.000 Z=0.000), Max=(X=0.000 Y=0.000 Z=0.000)
 |   |- Transform: 0.000000,0.000000,0.000000|0.000000,0.000000,-0.000000|1.000000,1.000000,1.000000
 |   |- Container: /Game/ThirdPerson/Maps/ThirdPersonMap
----------------------------------------------------------------------------------------------------------------
ThirdPersonMap - Persistent Level
----------------------------------------------------------------------------------------------------------------
Always loaded Actor Count: 39 

----------------------------------------------------------------------------------------------------------------
ThirdPersonMap - Runtime Spatial Hash - Streaming Grid - MainGrid
----------------------------------------------------------------------------------------------------------------
            Origin: X=0.000 Y=0.000 Z=0.000
         Cell Size: 12800
      World Bounds: IsValid=false, Min=(X=0.000 Y=0.000 Z=0.000), Max=(X=0.000 Y=0.000 Z=0.000)
     Loading Range: 25600.00
Block Slow Loading: No
 ClientOnlyVisible: No

[+] Grid Levels: 1
 |- Level  0: Cell Count    0 | Cell Size   12800 | Actor Count    0 (0.0%)

[+] Content of Grid Level 0

